0 info it worked if it ends with ok
1 verbose cli [ 'C:\\Program Files\\nodejs\\node.exe',
1 verbose cli   'C:\\Program Files\\nodejs\\node_modules\\npm\\bin\\npm-cli.js',
1 verbose cli   'run',
1 verbose cli   'dev' ]
2 info using npm@6.9.0
3 info using node@v10.16.3
4 verbose run-script [ 'predev', 'dev', 'postdev' ]
5 info lifecycle my-project@1.0.0~predev: my-project@1.0.0
6 info lifecycle my-project@1.0.0~dev: my-project@1.0.0
7 verbose lifecycle my-project@1.0.0~dev: unsafe-perm in lifecycle true
8 verbose lifecycle my-project@1.0.0~dev: PATH: C:\Program Files\nodejs\node_modules\npm\node_modules\npm-lifecycle\node-gyp-bin;E:\Vue-源码实现\mpvue\my-project\node_modules\.bin;E:\Python\Scripts\;E:\Python\;C:\ProgramData\Oracle\Java\javapath;C:\WINDOWS\system32;C:\WINDOWS;C:\WINDOWS\System32\Wbem;C:\WINDOWS\System32\WindowsPowerShell\v1.0\;C:\Program Files (x86)\Rational\common;C:\WINDOWS\System32\OpenSSH\;D:\sql_data\110\DTS\Binn\;D:\sql_data\110\Tools\Binn\;D:\sql_data\110\Tools\Binn\ManagementStudio\;C:\Program Files (x86)\Microsoft Visual Studio 10.0\Common7\IDE\PrivateAssemblies\;C:\Program Files\Java\jdk1.8.0_161\bin;C:\Program Files\Java\jdk1.8.0_161\jre\bin;E:\Python\python\Scripts;E:\Git\cmd;C:\Program Files\nodejs\;C:\Users\Administrator\AppData\Local\Microsoft\WindowsApps;C:\Users\Administrator\AppData\Roaming\npm;C:\Program Files\MySQL\MySQL Server 8.0\bin;C:\Program Files\MySQL\MySQL Shell 8.0\bin;C:\Program Files\nodejs;
9 verbose lifecycle my-project@1.0.0~dev: CWD: E:\Vue-源码实现\mpvue\my-project
10 silly lifecycle my-project@1.0.0~dev: Args: [ '/d /s /c', 'node build/dev-server.js wx' ]
11 silly lifecycle my-project@1.0.0~dev: Returned: code: 1  signal: null
12 info lifecycle my-project@1.0.0~dev: Failed to exec dev script
13 verbose stack Error: my-project@1.0.0 dev: `node build/dev-server.js wx`
13 verbose stack Exit status 1
13 verbose stack     at EventEmitter.<anonymous> (C:\Program Files\nodejs\node_modules\npm\node_modules\npm-lifecycle\index.js:301:16)
13 verbose stack     at EventEmitter.emit (events.js:198:13)
13 verbose stack     at ChildProcess.<anonymous> (C:\Program Files\nodejs\node_modules\npm\node_modules\npm-lifecycle\lib\spawn.js:55:14)
13 verbose stack     at ChildProcess.emit (events.js:198:13)
13 verbose stack     at maybeClose (internal/child_process.js:982:16)
13 verbose stack     at Process.ChildProcess._handle.onexit (internal/child_process.js:259:5)
14 verbose pkgid my-project@1.0.0
15 verbose cwd E:\Vue-源码实现\mpvue\my-project
16 verbose Windows_NT 10.0.18362
17 verbose argv "C:\\Program Files\\nodejs\\node.exe" "C:\\Program Files\\nodejs\\node_modules\\npm\\bin\\npm-cli.js" "run" "dev"
18 verbose node v10.16.3
19 verbose npm  v6.9.0
20 error code ELIFECYCLE
21 error errno 1
22 error my-project@1.0.0 dev: `node build/dev-server.js wx`
22 error Exit status 1
23 error Failed at the my-project@1.0.0 dev script.
23 error This is probably not a problem with npm. There is likely additional logging output above.
24 verbose exit [ 1, true ]
